<?xml version="1.0" encoding="UTF-8"?>
<testsuite xmlns:xsi="http://www.w3.org/2001/XMLSchema-instance" xsi:noNamespaceSchemaLocation="https://maven.apache.org/surefire/maven-surefire-plugin/xsd/surefire-test-report.xsd" name="com.wfz.shop.dubbo.service.TestES" time="0.003" tests="1" errors="0" skipped="0" failures="1">
  <properties>
    <property name="sun.desktop" value="windows"/>
    <property name="awt.toolkit" value="sun.awt.windows.WToolkit"/>
    <property name="file.encoding.pkg" value="sun.io"/>
    <property name="java.specification.version" value="1.8"/>
    <property name="sun.cpu.isalist" value="amd64"/>
    <property name="sun.jnu.encoding" value="GBK"/>
    <property name="java.class.path" value="D:\mall_parent\mall_serviceProvider\target\test-classes;D:\mall_parent\mall_serviceProvider\target\classes;D:\mall_parent\mall_serviceImpl\target\mall_serviceImpl-1.0-SNAPSHOT.jar;D:\mall_parent\mall_dao\target\mall_dao-1.0-SNAPSHOT.jar;D:\maven_repository\mysql\mysql-connector-java\8.0.25\mysql-connector-java-8.0.25.jar;D:\maven_repository\com\baomidou\mybatis-plus-boot-starter\3.4.3\mybatis-plus-boot-starter-3.4.3.jar;D:\maven_repository\org\springframework\boot\spring-boot-starter-jdbc\2.5.0\spring-boot-starter-jdbc-2.5.0.jar;D:\maven_repository\com\zaxxer\HikariCP\4.0.3\HikariCP-4.0.3.jar;D:\maven_repository\org\springframework\spring-jdbc\5.3.7\spring-jdbc-5.3.7.jar;D:\maven_repository\org\apache\dubbo\dubbo-spring-boot-starter\2.7.8\dubbo-spring-boot-starter-2.7.8.jar;D:\maven_repository\org\apache\dubbo\dubbo-spring-boot-autoconfigure\2.7.8\dubbo-spring-boot-autoconfigure-2.7.8.jar;D:\maven_repository\org\apache\dubbo\dubbo-spring-boot-autoconfigure-compatible\2.7.8\dubbo-spring-boot-autoconfigure-compatible-2.7.8.jar;D:\maven_repository\org\apache\dubbo\dubbo\2.7.8\dubbo-2.7.8.jar;D:\maven_repository\com\alibaba\spring\spring-context-support\1.0.8\spring-context-support-1.0.8.jar;D:\maven_repository\org\javassist\javassist\3.20.0-GA\javassist-3.20.0-GA.jar;D:\maven_repository\io\netty\netty-all\4.1.65.Final\netty-all-4.1.65.Final.jar;D:\maven_repository\com\google\code\gson\gson\2.8.6\gson-2.8.6.jar;D:\maven_repository\com\alibaba\nacos\nacos-client\1.4.0\nacos-client-1.4.0.jar;D:\maven_repository\com\alibaba\nacos\nacos-common\1.4.0\nacos-common-1.4.0.jar;D:\maven_repository\commons-io\commons-io\2.2\commons-io-2.2.jar;D:\maven_repository\org\apache\httpcomponents\httpasyncclient\4.1.4\httpasyncclient-4.1.4.jar;D:\maven_repository\org\apache\httpcomponents\httpcore\4.4.14\httpcore-4.4.14.jar;D:\maven_repository\org\apache\httpcomponents\httpcore-nio\4.4.14\httpcore-nio-4.4.14.jar;D:\maven_repository\org\apache\httpcomponents\httpclient\4.5.13\httpclient-4.5.13.jar;D:\maven_repository\com\alibaba\nacos\nacos-api\1.4.0\nacos-api-1.4.0.jar;D:\maven_repository\commons-codec\commons-codec\1.15\commons-codec-1.15.jar;D:\maven_repository\com\fasterxml\jackson\core\jackson-core\2.12.3\jackson-core-2.12.3.jar;D:\maven_repository\com\fasterxml\jackson\core\jackson-databind\2.12.3\jackson-databind-2.12.3.jar;D:\maven_repository\com\fasterxml\jackson\core\jackson-annotations\2.12.3\jackson-annotations-2.12.3.jar;D:\maven_repository\io\prometheus\simpleclient\0.5.0\simpleclient-0.5.0.jar;D:\maven_repository\org\springframework\boot\spring-boot-starter-data-elasticsearch\2.5.0\spring-boot-starter-data-elasticsearch-2.5.0.jar;D:\maven_repository\org\springframework\data\spring-data-elasticsearch\4.2.1\spring-data-elasticsearch-4.2.1.jar;D:\maven_repository\org\springframework\data\spring-data-commons\2.5.1\spring-data-commons-2.5.1.jar;D:\maven_repository\org\elasticsearch\plugin\transport-netty4-client\7.12.1\transport-netty4-client-7.12.1.jar;D:\maven_repository\io\netty\netty-buffer\4.1.65.Final\netty-buffer-4.1.65.Final.jar;D:\maven_repository\io\netty\netty-codec\4.1.65.Final\netty-codec-4.1.65.Final.jar;D:\maven_repository\io\netty\netty-codec-http\4.1.65.Final\netty-codec-http-4.1.65.Final.jar;D:\maven_repository\io\netty\netty-common\4.1.65.Final\netty-common-4.1.65.Final.jar;D:\maven_repository\io\netty\netty-handler\4.1.65.Final\netty-handler-4.1.65.Final.jar;D:\maven_repository\io\netty\netty-resolver\4.1.65.Final\netty-resolver-4.1.65.Final.jar;D:\maven_repository\io\netty\netty-transport\4.1.65.Final\netty-transport-4.1.65.Final.jar;D:\maven_repository\org\elasticsearch\client\elasticsearch-rest-high-level-client\7.12.1\elasticsearch-rest-high-level-client-7.12.1.jar;D:\maven_repository\org\elasticsearch\elasticsearch\7.12.1\elasticsearch-7.12.1.jar;D:\maven_repository\org\elasticsearch\elasticsearch-core\7.12.1\elasticsearch-core-7.12.1.jar;D:\maven_repository\org\elasticsearch\elasticsearch-secure-sm\7.12.1\elasticsearch-secure-sm-7.12.1.jar;D:\maven_repository\org\elasticsearch\elasticsearch-x-content\7.12.1\elasticsearch-x-content-7.12.1.jar;D:\maven_repository\com\fasterxml\jackson\dataformat\jackson-dataformat-smile\2.12.3\jackson-dataformat-smile-2.12.3.jar;D:\maven_repository\com\fasterxml\jackson\dataformat\jackson-dataformat-cbor\2.12.3\jackson-dataformat-cbor-2.12.3.jar;D:\maven_repository\org\elasticsearch\elasticsearch-geo\7.12.1\elasticsearch-geo-7.12.1.jar;D:\maven_repository\org\apache\lucene\lucene-core\8.8.0\lucene-core-8.8.0.jar;D:\maven_repository\org\apache\lucene\lucene-analyzers-common\8.8.0\lucene-analyzers-common-8.8.0.jar;D:\maven_repository\org\apache\lucene\lucene-backward-codecs\8.8.0\lucene-backward-codecs-8.8.0.jar;D:\maven_repository\org\apache\lucene\lucene-grouping\8.8.0\lucene-grouping-8.8.0.jar;D:\maven_repository\org\apache\lucene\lucene-highlighter\8.8.0\lucene-highlighter-8.8.0.jar;D:\maven_repository\org\apache\lucene\lucene-join\8.8.0\lucene-join-8.8.0.jar;D:\maven_repository\org\apache\lucene\lucene-memory\8.8.0\lucene-memory-8.8.0.jar;D:\maven_repository\org\apache\lucene\lucene-misc\8.8.0\lucene-misc-8.8.0.jar;D:\maven_repository\org\apache\lucene\lucene-queries\8.8.0\lucene-queries-8.8.0.jar;D:\maven_repository\org\apache\lucene\lucene-queryparser\8.8.0\lucene-queryparser-8.8.0.jar;D:\maven_repository\org\apache\lucene\lucene-sandbox\8.8.0\lucene-sandbox-8.8.0.jar;D:\maven_repository\org\apache\lucene\lucene-spatial-extras\8.8.0\lucene-spatial-extras-8.8.0.jar;D:\maven_repository\org\apache\lucene\lucene-spatial3d\8.8.0\lucene-spatial3d-8.8.0.jar;D:\maven_repository\org\apache\lucene\lucene-suggest\8.8.0\lucene-suggest-8.8.0.jar;D:\maven_repository\org\elasticsearch\elasticsearch-cli\7.12.1\elasticsearch-cli-7.12.1.jar;D:\maven_repository\net\sf\jopt-simple\jopt-simple\5.0.2\jopt-simple-5.0.2.jar;D:\maven_repository\com\carrotsearch\hppc\0.8.1\hppc-0.8.1.jar;D:\maven_repository\joda-time\joda-time\2.10.4\joda-time-2.10.4.jar;D:\maven_repository\com\tdunning\t-digest\3.2\t-digest-3.2.jar;D:\maven_repository\org\hdrhistogram\HdrHistogram\2.1.9\HdrHistogram-2.1.9.jar;D:\maven_repository\org\elasticsearch\jna\5.7.0-1\jna-5.7.0-1.jar;D:\maven_repository\org\elasticsearch\elasticsearch-plugin-classloader\7.12.1\elasticsearch-plugin-classloader-7.12.1.jar;D:\maven_repository\org\elasticsearch\client\elasticsearch-rest-client\7.12.1\elasticsearch-rest-client-7.12.1.jar;D:\maven_repository\org\elasticsearch\plugin\mapper-extras-client\7.12.1\mapper-extras-client-7.12.1.jar;D:\maven_repository\org\elasticsearch\plugin\parent-join-client\7.12.1\parent-join-client-7.12.1.jar;D:\maven_repository\org\elasticsearch\plugin\aggs-matrix-stats-client\7.12.1\aggs-matrix-stats-client-7.12.1.jar;D:\maven_repository\org\elasticsearch\plugin\rank-eval-client\7.12.1\rank-eval-client-7.12.1.jar;D:\maven_repository\org\elasticsearch\plugin\lang-mustache-client\7.12.1\lang-mustache-client-7.12.1.jar;D:\maven_repository\com\github\spullara\mustache\java\compiler\0.9.6\compiler-0.9.6.jar;D:\mall_parent\mall_service\target\mall_service-1.0-SNAPSHOT.jar;D:\mall_parent\mall_model\target\mall_model-1.0-SNAPSHOT.jar;D:\maven_repository\org\projectlombok\lombok\1.18.20\lombok-1.18.20.jar;D:\maven_repository\com\github\xiaoymin\knife4j-spring-boot-starter\2.0.7\knife4j-spring-boot-starter-2.0.7.jar;D:\maven_repository\com\github\xiaoymin\knife4j-spring-boot-autoconfigure\2.0.7\knife4j-spring-boot-autoconfigure-2.0.7.jar;D:\maven_repository\com\github\xiaoymin\knife4j-spring\2.0.7\knife4j-spring-2.0.7.jar;D:\maven_repository\com\github\xiaoymin\knife4j-annotations\2.0.7\knife4j-annotations-2.0.7.jar;D:\maven_repository\com\github\xiaoymin\knife4j-core\2.0.7\knife4j-core-2.0.7.jar;D:\maven_repository\io\swagger\swagger-models\1.5.22\swagger-models-1.5.22.jar;D:\maven_repository\io\swagger\swagger-annotations\1.5.22\swagger-annotations-1.5.22.jar;D:\maven_repository\io\springfox\springfox-swagger2\2.10.5\springfox-swagger2-2.10.5.jar;D:\maven_repository\io\springfox\springfox-spi\2.10.5\springfox-spi-2.10.5.jar;D:\maven_repository\io\springfox\springfox-core\2.10.5\springfox-core-2.10.5.jar;D:\maven_repository\net\bytebuddy\byte-buddy\1.10.22\byte-buddy-1.10.22.jar;D:\maven_repository\io\springfox\springfox-schema\2.10.5\springfox-schema-2.10.5.jar;D:\maven_repository\io\springfox\springfox-swagger-common\2.10.5\springfox-swagger-common-2.10.5.jar;D:\maven_repository\io\springfox\springfox-spring-web\2.10.5\springfox-spring-web-2.10.5.jar;D:\maven_repository\io\github\classgraph\classgraph\4.1.7\classgraph-4.1.7.jar;D:\maven_repository\com\fasterxml\classmate\1.5.1\classmate-1.5.1.jar;D:\maven_repository\org\springframework\plugin\spring-plugin-core\2.0.0.RELEASE\spring-plugin-core-2.0.0.RELEASE.jar;D:\maven_repository\org\springframework\plugin\spring-plugin-metadata\2.0.0.RELEASE\spring-plugin-metadata-2.0.0.RELEASE.jar;D:\maven_repository\org\mapstruct\mapstruct\1.3.1.Final\mapstruct-1.3.1.Final.jar;D:\maven_repository\io\springfox\springfox-bean-validators\2.10.5\springfox-bean-validators-2.10.5.jar;D:\maven_repository\io\springfox\springfox-spring-webmvc\2.10.5\springfox-spring-webmvc-2.10.5.jar;D:\maven_repository\com\github\xiaoymin\knife4j-spring-ui\2.0.7\knife4j-spring-ui-2.0.7.jar;D:\maven_repository\com\alibaba\fastjson\1.2.76\fastjson-1.2.76.jar;D:\mall_parent\mall_common\target\mall_common-1.0-SNAPSHOT.jar;D:\maven_repository\org\springframework\spring-tx\5.3.7\spring-tx-5.3.7.jar;D:\maven_repository\org\springframework\spring-beans\5.3.7\spring-beans-5.3.7.jar;D:\maven_repository\org\apache\commons\commons-lang3\3.12.0\commons-lang3-3.12.0.jar;D:\maven_repository\org\apache\commons\commons-collections4\4.4\commons-collections4-4.4.jar;D:\maven_repository\org\apache\tomcat\embed\tomcat-embed-core\9.0.46\tomcat-embed-core-9.0.46.jar;D:\maven_repository\org\apache\tomcat\tomcat-annotations-api\9.0.46\tomcat-annotations-api-9.0.46.jar;D:\maven_repository\org\springframework\spring-web\5.3.7\spring-web-5.3.7.jar;D:\maven_repository\io\jsonwebtoken\jjwt-api\0.10.7\jjwt-api-0.10.7.jar;D:\maven_repository\io\jsonwebtoken\jjwt-impl\0.10.7\jjwt-impl-0.10.7.jar;D:\maven_repository\io\jsonwebtoken\jjwt-jackson\0.10.7\jjwt-jackson-0.10.7.jar;D:\maven_repository\org\springframework\security\spring-security-core\5.5.0\spring-security-core-5.5.0.jar;D:\maven_repository\org\springframework\spring-aop\5.3.7\spring-aop-5.3.7.jar;D:\maven_repository\org\springframework\spring-expression\5.3.7\spring-expression-5.3.7.jar;D:\maven_repository\org\springframework\security\spring-security-crypto\5.5.0\spring-security-crypto-5.5.0.jar;D:\maven_repository\com\baomidou\mybatis-plus\3.4.3\mybatis-plus-3.4.3.jar;D:\maven_repository\com\baomidou\mybatis-plus-extension\3.4.3\mybatis-plus-extension-3.4.3.jar;D:\maven_repository\com\baomidou\mybatis-plus-core\3.4.3\mybatis-plus-core-3.4.3.jar;D:\maven_repository\com\baomidou\mybatis-plus-annotation\3.4.3\mybatis-plus-annotation-3.4.3.jar;D:\maven_repository\com\github\jsqlparser\jsqlparser\4.0\jsqlparser-4.0.jar;D:\maven_repository\org\mybatis\mybatis\3.5.7\mybatis-3.5.7.jar;D:\maven_repository\org\mybatis\mybatis-spring\2.0.6\mybatis-spring-2.0.6.jar;D:\maven_repository\org\springframework\boot\spring-boot-starter\2.5.0\spring-boot-starter-2.5.0.jar;D:\maven_repository\org\springframework\boot\spring-boot\2.5.0\spring-boot-2.5.0.jar;D:\maven_repository\org\springframework\spring-context\5.3.7\spring-context-5.3.7.jar;D:\maven_repository\org\springframework\boot\spring-boot-autoconfigure\2.5.0\spring-boot-autoconfigure-2.5.0.jar;D:\maven_repository\org\springframework\boot\spring-boot-starter-logging\2.5.0\spring-boot-starter-logging-2.5.0.jar;D:\maven_repository\ch\qos\logback\logback-classic\1.2.3\logback-classic-1.2.3.jar;D:\maven_repository\ch\qos\logback\logback-core\1.2.3\logback-core-1.2.3.jar;D:\maven_repository\org\apache\logging\log4j\log4j-to-slf4j\2.14.1\log4j-to-slf4j-2.14.1.jar;D:\maven_repository\org\apache\logging\log4j\log4j-api\2.14.1\log4j-api-2.14.1.jar;D:\maven_repository\org\slf4j\jul-to-slf4j\1.7.30\jul-to-slf4j-1.7.30.jar;D:\maven_repository\jakarta\annotation\jakarta.annotation-api\1.3.5\jakarta.annotation-api-1.3.5.jar;D:\maven_repository\org\springframework\spring-core\5.3.7\spring-core-5.3.7.jar;D:\maven_repository\org\springframework\spring-jcl\5.3.7\spring-jcl-5.3.7.jar;D:\maven_repository\org\yaml\snakeyaml\1.28\snakeyaml-1.28.jar;D:\maven_repository\org\apache\shardingsphere\shardingsphere-jdbc-core-spring-boot-starter\5.0.0-beta\shardingsphere-jdbc-core-spring-boot-starter-5.0.0-beta.jar;D:\maven_repository\org\apache\shardingsphere\shardingsphere-sharding-spring-boot-starter\5.0.0-beta\shardingsphere-sharding-spring-boot-starter-5.0.0-beta.jar;D:\maven_repository\org\apache\shardingsphere\shardingsphere-sharding-core\5.0.0-beta\shardingsphere-sharding-core-5.0.0-beta.jar;D:\maven_repository\org\apache\shardingsphere\shardingsphere-sharding-api\5.0.0-beta\shardingsphere-sharding-api-5.0.0-beta.jar;D:\maven_repository\org\apache\shardingsphere\shardingsphere-infra-common\5.0.0-beta\shardingsphere-infra-common-5.0.0-beta.jar;D:\maven_repository\org\apache\shardingsphere\shardingsphere-infra-binder\5.0.0-beta\shardingsphere-infra-binder-5.0.0-beta.jar;D:\maven_repository\org\apache\shardingsphere\shardingsphere-infra-parser\5.0.0-beta\shardingsphere-infra-parser-5.0.0-beta.jar;D:\maven_repository\org\apache\shardingsphere\shardingsphere-infra-route\5.0.0-beta\shardingsphere-infra-route-5.0.0-beta.jar;D:\maven_repository\org\apache\shardingsphere\shardingsphere-infra-rewrite\5.0.0-beta\shardingsphere-infra-rewrite-5.0.0-beta.jar;D:\maven_repository\org\apache\shardingsphere\shardingsphere-infra-merge\5.0.0-beta\shardingsphere-infra-merge-5.0.0-beta.jar;D:\maven_repository\org\apache\shardingsphere\shardingsphere-system-datetime\5.0.0-beta\shardingsphere-system-datetime-5.0.0-beta.jar;D:\maven_repository\org\apache\shardingsphere\shardingsphere-infra-datetime-spi\5.0.0-beta\shardingsphere-infra-datetime-spi-5.0.0-beta.jar;D:\maven_repository\org\codehaus\groovy\groovy\2.4.19\groovy-2.4.19-indy.jar;D:\maven_repository\org\apache\shardingsphere\shardingsphere-shadow-spring-boot-starter\5.0.0-beta\shardingsphere-shadow-spring-boot-starter-5.0.0-beta.jar;D:\maven_repository\org\apache\shardingsphere\shardingsphere-shadow-core\5.0.0-beta\shardingsphere-shadow-core-5.0.0-beta.jar;D:\maven_repository\org\apache\shardingsphere\shardingsphere-shadow-api\5.0.0-beta\shardingsphere-shadow-api-5.0.0-beta.jar;D:\maven_repository\org\apache\shardingsphere\shardingsphere-encrypt-spring-boot-starter\5.0.0-beta\shardingsphere-encrypt-spring-boot-starter-5.0.0-beta.jar;D:\maven_repository\org\apache\shardingsphere\shardingsphere-encrypt-core\5.0.0-beta\shardingsphere-encrypt-core-5.0.0-beta.jar;D:\maven_repository\org\apache\shardingsphere\shardingsphere-encrypt-api\5.0.0-beta\shardingsphere-encrypt-api-5.0.0-beta.jar;D:\maven_repository\org\apache\shardingsphere\shardingsphere-distsql-parser-statement\5.0.0-beta\shardingsphere-distsql-parser-statement-5.0.0-beta.jar;D:\maven_repository\org\apache\shardingsphere\shardingsphere-sql-parser-statement\5.0.0-beta\shardingsphere-sql-parser-statement-5.0.0-beta.jar;D:\maven_repository\org\apache\shardingsphere\shardingsphere-readwrite-splitting-spring-boot-starter\5.0.0-beta\shardingsphere-readwrite-splitting-spring-boot-starter-5.0.0-beta.jar;D:\maven_repository\org\apache\shardingsphere\shardingsphere-readwrite-splitting-core\5.0.0-beta\shardingsphere-readwrite-splitting-core-5.0.0-beta.jar;D:\maven_repository\org\apache\shardingsphere\shardingsphere-readwrite-splitting-api\5.0.0-beta\shardingsphere-readwrite-splitting-api-5.0.0-beta.jar;D:\maven_repository\org\apache\shardingsphere\shardingsphere-jdbc-spring-boot-starter-infra\5.0.0-beta\shardingsphere-jdbc-spring-boot-starter-infra-5.0.0-beta.jar;D:\maven_repository\org\apache\shardingsphere\shardingsphere-jdbc-transaction-spring\5.0.0-beta\shardingsphere-jdbc-transaction-spring-5.0.0-beta.jar;D:\maven_repository\org\apache\shardingsphere\shardingsphere-transaction-core\5.0.0-beta\shardingsphere-transaction-core-5.0.0-beta.jar;D:\maven_repository\org\apache\shardingsphere\shardingsphere-infra-executor\5.0.0-beta\shardingsphere-infra-executor-5.0.0-beta.jar;D:\maven_repository\org\apache\shardingsphere\shardingsphere-infra-optimize\5.0.0-beta\shardingsphere-infra-optimize-5.0.0-beta.jar;D:\maven_repository\org\apache\calcite\calcite-core\1.26.0\calcite-core-1.26.0.jar;D:\maven_repository\org\apache\calcite\calcite-linq4j\1.26.0\calcite-linq4j-1.26.0.jar;D:\maven_repository\org\apache\calcite\avatica\avatica-core\1.17.0\avatica-core-1.17.0.jar;D:\maven_repository\org\apache\calcite\avatica\avatica-metrics\1.17.0\avatica-metrics-1.17.0.jar;D:\maven_repository\com\google\protobuf\protobuf-java\3.6.1\protobuf-java-3.6.1.jar;D:\maven_repository\com\esri\geometry\esri-geometry-api\2.2.0\esri-geometry-api-2.2.0.jar;D:\maven_repository\com\fasterxml\jackson\dataformat\jackson-dataformat-yaml\2.12.3\jackson-dataformat-yaml-2.12.3.jar;D:\maven_repository\com\google\uzaygezen\uzaygezen-core\0.2\uzaygezen-core-0.2.jar;D:\maven_repository\log4j\log4j\1.2.17\log4j-1.2.17.jar;D:\maven_repository\com\jayway\jsonpath\json-path\2.5.0\json-path-2.5.0.jar;D:\maven_repository\net\minidev\json-smart\2.4.7\json-smart-2.4.7.jar;D:\maven_repository\net\minidev\accessors-smart\2.4.7\accessors-smart-2.4.7.jar;D:\maven_repository\org\ow2\asm\asm\9.1\asm-9.1.jar;D:\maven_repository\com\yahoo\datasketches\sketches-core\0.9.0\sketches-core-0.9.0.jar;D:\maven_repository\com\yahoo\datasketches\memory\0.9.0\memory-0.9.0.jar;D:\maven_repository\net\hydromatic\aggdesigner-algorithm\6.0\aggdesigner-algorithm-6.0.jar;D:\maven_repository\commons-lang\commons-lang\2.4\commons-lang-2.4.jar;D:\maven_repository\commons-logging\commons-logging\1.1.3\commons-logging-1.1.3.jar;D:\maven_repository\org\apache\commons\commons-dbcp2\2.8.0\commons-dbcp2-2.8.0.jar;D:\maven_repository\org\apache\commons\commons-pool2\2.9.0\commons-pool2-2.9.0.jar;D:\maven_repository\org\codehaus\janino\commons-compiler\3.1.4\commons-compiler-3.1.4.jar;D:\maven_repository\org\codehaus\janino\janino\3.1.4\janino-3.1.4.jar;D:\maven_repository\org\apache\shardingsphere\shardingsphere-jdbc-core\5.0.0-beta\shardingsphere-jdbc-core-5.0.0-beta.jar;D:\maven_repository\org\apache\shardingsphere\shardingsphere-sql-parser-sql92\5.0.0-beta\shardingsphere-sql-parser-sql92-5.0.0-beta.jar;D:\maven_repository\org\apache\shardingsphere\shardingsphere-sql-parser-engine\5.0.0-beta\shardingsphere-sql-parser-engine-5.0.0-beta.jar;D:\maven_repository\org\apache\shardingsphere\shardingsphere-sql-parser-spi\5.0.0-beta\shardingsphere-sql-parser-spi-5.0.0-beta.jar;D:\maven_repository\org\antlr\antlr4-runtime\4.7.2\antlr4-runtime-4.7.2.jar;D:\maven_repository\org\apache\shardingsphere\shardingsphere-sql-parser-mysql\5.0.0-beta\shardingsphere-sql-parser-mysql-5.0.0-beta.jar;D:\maven_repository\org\apache\shardingsphere\shardingsphere-sql-parser-postgresql\5.0.0-beta\shardingsphere-sql-parser-postgresql-5.0.0-beta.jar;D:\maven_repository\org\apache\shardingsphere\shardingsphere-sql-parser-oracle\5.0.0-beta\shardingsphere-sql-parser-oracle-5.0.0-beta.jar;D:\maven_repository\org\apache\shardingsphere\shardingsphere-sql-parser-sqlserver\5.0.0-beta\shardingsphere-sql-parser-sqlserver-5.0.0-beta.jar;D:\maven_repository\org\apache\shardingsphere\shardingsphere-infra-context\5.0.0-beta\shardingsphere-infra-context-5.0.0-beta.jar;D:\maven_repository\org\apache\shardingsphere\shardingsphere-distsql-parser-engine\5.0.0-beta\shardingsphere-distsql-parser-engine-5.0.0-beta.jar;D:\maven_repository\org\apache\shardingsphere\shardingsphere-infra-authority-api\5.0.0-beta\shardingsphere-infra-authority-api-5.0.0-beta.jar;D:\maven_repository\org\apache\shardingsphere\shardingsphere-db-discovery-core\5.0.0-beta\shardingsphere-db-discovery-core-5.0.0-beta.jar;D:\maven_repository\org\apache\shardingsphere\shardingsphere-db-discovery-api\5.0.0-beta\shardingsphere-db-discovery-api-5.0.0-beta.jar;D:\maven_repository\org\apache\shardingsphere\shardingsphere-db-discovery-mgr\5.0.0-beta\shardingsphere-db-discovery-mgr-5.0.0-beta.jar;D:\maven_repository\org\apache\shardingsphere\elasticjob\elasticjob-lite-core\3.0.0-beta\elasticjob-lite-core-3.0.0-beta.jar;D:\maven_repository\org\apache\shardingsphere\elasticjob\elasticjob-api\3.0.0-beta\elasticjob-api-3.0.0-beta.jar;D:\maven_repository\org\apache\shardingsphere\elasticjob\elasticjob-infra-common\3.0.0-beta\elasticjob-infra-common-3.0.0-beta.jar;D:\maven_repository\org\apache\shardingsphere\elasticjob\elasticjob-registry-center\3.0.0-beta\elasticjob-registry-center-3.0.0-beta.jar;D:\maven_repository\org\apache\curator\curator-framework\5.1.0\curator-framework-5.1.0.jar;D:\maven_repository\org\apache\curator\curator-client\5.1.0\curator-client-5.1.0.jar;D:\maven_repository\org\apache\zookeeper\zookeeper\3.6.0\zookeeper-3.6.0.jar;D:\maven_repository\org\apache\zookeeper\zookeeper-jute\3.6.0\zookeeper-jute-3.6.0.jar;D:\maven_repository\org\apache\yetus\audience-annotations\0.5.0\audience-annotations-0.5.0.jar;D:\maven_repository\io\netty\netty-transport-native-epoll\4.1.65.Final\netty-transport-native-epoll-4.1.65.Final.jar;D:\maven_repository\io\netty\netty-transport-native-unix-common\4.1.65.Final\netty-transport-native-unix-common-4.1.65.Final.jar;D:\maven_repository\org\apache\curator\curator-recipes\5.1.0\curator-recipes-5.1.0.jar;D:\maven_repository\org\apache\shardingsphere\elasticjob\elasticjob-simple-executor\3.0.0-beta\elasticjob-simple-executor-3.0.0-beta.jar;D:\maven_repository\org\apache\shardingsphere\elasticjob\elasticjob-executor-kernel\3.0.0-beta\elasticjob-executor-kernel-3.0.0-beta.jar;D:\maven_repository\org\apache\shardingsphere\elasticjob\elasticjob-error-handler-general\3.0.0-beta\elasticjob-error-handler-general-3.0.0-beta.jar;D:\maven_repository\org\apache\shardingsphere\elasticjob\elasticjob-error-handler-spi\3.0.0-beta\elasticjob-error-handler-spi-3.0.0-beta.jar;D:\maven_repository\org\apache\shardingsphere\elasticjob\elasticjob-dataflow-executor\3.0.0-beta\elasticjob-dataflow-executor-3.0.0-beta.jar;D:\maven_repository\org\apache\shardingsphere\elasticjob\elasticjob-script-executor\3.0.0-beta\elasticjob-script-executor-3.0.0-beta.jar;D:\maven_repository\org\apache\commons\commons-exec\1.3\commons-exec-1.3.jar;D:\maven_repository\org\apache\shardingsphere\elasticjob\elasticjob-http-executor\3.0.0-beta\elasticjob-http-executor-3.0.0-beta.jar;D:\maven_repository\org\apache\shardingsphere\elasticjob\elasticjob-tracing-rdb\3.0.0-beta\elasticjob-tracing-rdb-3.0.0-beta.jar;D:\maven_repository\org\apache\shardingsphere\elasticjob\elasticjob-tracing-api\3.0.0-beta\elasticjob-tracing-api-3.0.0-beta.jar;D:\maven_repository\commons-dbcp\commons-dbcp\1.4\commons-dbcp-1.4.jar;D:\maven_repository\commons-pool\commons-pool\1.6\commons-pool-1.6.jar;D:\maven_repository\org\quartz-scheduler\quartz\2.3.2\quartz-2.3.2.jar;D:\maven_repository\com\mchange\mchange-commons-java\0.2.15\mchange-commons-java-0.2.15.jar;D:\maven_repository\com\google\guava\guava\29.0-jre\guava-29.0-jre.jar;D:\maven_repository\com\google\guava\failureaccess\1.0.1\failureaccess-1.0.1.jar;D:\maven_repository\com\google\guava\listenablefuture\9999.0-empty-to-avoid-conflict-with-guava\listenablefuture-9999.0-empty-to-avoid-conflict-with-guava.jar;D:\maven_repository\com\google\code\findbugs\jsr305\3.0.2\jsr305-3.0.2.jar;D:\maven_repository\org\checkerframework\checker-qual\2.11.1\checker-qual-2.11.1.jar;D:\maven_repository\com\google\errorprone\error_prone_annotations\2.3.4\error_prone_annotations-2.3.4.jar;D:\maven_repository\org\slf4j\slf4j-api\1.7.30\slf4j-api-1.7.30.jar;D:\maven_repository\org\slf4j\jcl-over-slf4j\1.7.30\jcl-over-slf4j-1.7.30.jar;D:\maven_repository\org\springframework\boot\spring-boot-test\2.5.0\spring-boot-test-2.5.0.jar;D:\maven_repository\org\junit\jupiter\junit-jupiter-api\5.7.2\junit-jupiter-api-5.7.2.jar;D:\maven_repository\org\apiguardian\apiguardian-api\1.1.0\apiguardian-api-1.1.0.jar;D:\maven_repository\org\opentest4j\opentest4j\1.2.0\opentest4j-1.2.0.jar;D:\maven_repository\org\junit\platform\junit-platform-commons\1.7.2\junit-platform-commons-1.7.2.jar;"/>
    <property name="java.vm.vendor" value="Oracle Corporation"/>
    <property name="sun.arch.data.model" value="64"/>
    <property name="user.variant" value=""/>
    <property name="java.vendor.url" value="http://java.oracle.com/"/>
    <property name="user.timezone" value="Asia/Shanghai"/>
    <property name="java.vm.specification.version" value="1.8"/>
    <property name="os.name" value="Windows 10"/>
    <property name="user.country" value="CN"/>
    <property name="sun.java.launcher" value="SUN_STANDARD"/>
    <property name="sun.boot.library.path" value="D:\Java\jdk1.8.0_251\jre\bin"/>
    <property name="sun.java.command" value="C:\Users\wfz24\AppData\Local\Temp\surefire2688719205544121601\surefirebooter1067297735861624098.jar C:\Users\wfz24\AppData\Local\Temp\surefire2688719205544121601 2022-02-06T23-13-43_972-jvmRun1 surefire5037645082884621042tmp surefire_0198145398284234108tmp"/>
    <property name="surefire.test.class.path" value="D:\mall_parent\mall_serviceProvider\target\test-classes;D:\mall_parent\mall_serviceProvider\target\classes;D:\mall_parent\mall_serviceImpl\target\mall_serviceImpl-1.0-SNAPSHOT.jar;D:\mall_parent\mall_dao\target\mall_dao-1.0-SNAPSHOT.jar;D:\maven_repository\mysql\mysql-connector-java\8.0.25\mysql-connector-java-8.0.25.jar;D:\maven_repository\com\baomidou\mybatis-plus-boot-starter\3.4.3\mybatis-plus-boot-starter-3.4.3.jar;D:\maven_repository\org\springframework\boot\spring-boot-starter-jdbc\2.5.0\spring-boot-starter-jdbc-2.5.0.jar;D:\maven_repository\com\zaxxer\HikariCP\4.0.3\HikariCP-4.0.3.jar;D:\maven_repository\org\springframework\spring-jdbc\5.3.7\spring-jdbc-5.3.7.jar;D:\maven_repository\org\apache\dubbo\dubbo-spring-boot-starter\2.7.8\dubbo-spring-boot-starter-2.7.8.jar;D:\maven_repository\org\apache\dubbo\dubbo-spring-boot-autoconfigure\2.7.8\dubbo-spring-boot-autoconfigure-2.7.8.jar;D:\maven_repository\org\apache\dubbo\dubbo-spring-boot-autoconfigure-compatible\2.7.8\dubbo-spring-boot-autoconfigure-compatible-2.7.8.jar;D:\maven_repository\org\apache\dubbo\dubbo\2.7.8\dubbo-2.7.8.jar;D:\maven_repository\com\alibaba\spring\spring-context-support\1.0.8\spring-context-support-1.0.8.jar;D:\maven_repository\org\javassist\javassist\3.20.0-GA\javassist-3.20.0-GA.jar;D:\maven_repository\io\netty\netty-all\4.1.65.Final\netty-all-4.1.65.Final.jar;D:\maven_repository\com\google\code\gson\gson\2.8.6\gson-2.8.6.jar;D:\maven_repository\com\alibaba\nacos\nacos-client\1.4.0\nacos-client-1.4.0.jar;D:\maven_repository\com\alibaba\nacos\nacos-common\1.4.0\nacos-common-1.4.0.jar;D:\maven_repository\commons-io\commons-io\2.2\commons-io-2.2.jar;D:\maven_repository\org\apache\httpcomponents\httpasyncclient\4.1.4\httpasyncclient-4.1.4.jar;D:\maven_repository\org\apache\httpcomponents\httpcore\4.4.14\httpcore-4.4.14.jar;D:\maven_repository\org\apache\httpcomponents\httpcore-nio\4.4.14\httpcore-nio-4.4.14.jar;D:\maven_repository\org\apache\httpcomponents\httpclient\4.5.13\httpclient-4.5.13.jar;D:\maven_repository\com\alibaba\nacos\nacos-api\1.4.0\nacos-api-1.4.0.jar;D:\maven_repository\commons-codec\commons-codec\1.15\commons-codec-1.15.jar;D:\maven_repository\com\fasterxml\jackson\core\jackson-core\2.12.3\jackson-core-2.12.3.jar;D:\maven_repository\com\fasterxml\jackson\core\jackson-databind\2.12.3\jackson-databind-2.12.3.jar;D:\maven_repository\com\fasterxml\jackson\core\jackson-annotations\2.12.3\jackson-annotations-2.12.3.jar;D:\maven_repository\io\prometheus\simpleclient\0.5.0\simpleclient-0.5.0.jar;D:\maven_repository\org\springframework\boot\spring-boot-starter-data-elasticsearch\2.5.0\spring-boot-starter-data-elasticsearch-2.5.0.jar;D:\maven_repository\org\springframework\data\spring-data-elasticsearch\4.2.1\spring-data-elasticsearch-4.2.1.jar;D:\maven_repository\org\springframework\data\spring-data-commons\2.5.1\spring-data-commons-2.5.1.jar;D:\maven_repository\org\elasticsearch\plugin\transport-netty4-client\7.12.1\transport-netty4-client-7.12.1.jar;D:\maven_repository\io\netty\netty-buffer\4.1.65.Final\netty-buffer-4.1.65.Final.jar;D:\maven_repository\io\netty\netty-codec\4.1.65.Final\netty-codec-4.1.65.Final.jar;D:\maven_repository\io\netty\netty-codec-http\4.1.65.Final\netty-codec-http-4.1.65.Final.jar;D:\maven_repository\io\netty\netty-common\4.1.65.Final\netty-common-4.1.65.Final.jar;D:\maven_repository\io\netty\netty-handler\4.1.65.Final\netty-handler-4.1.65.Final.jar;D:\maven_repository\io\netty\netty-resolver\4.1.65.Final\netty-resolver-4.1.65.Final.jar;D:\maven_repository\io\netty\netty-transport\4.1.65.Final\netty-transport-4.1.65.Final.jar;D:\maven_repository\org\elasticsearch\client\elasticsearch-rest-high-level-client\7.12.1\elasticsearch-rest-high-level-client-7.12.1.jar;D:\maven_repository\org\elasticsearch\elasticsearch\7.12.1\elasticsearch-7.12.1.jar;D:\maven_repository\org\elasticsearch\elasticsearch-core\7.12.1\elasticsearch-core-7.12.1.jar;D:\maven_repository\org\elasticsearch\elasticsearch-secure-sm\7.12.1\elasticsearch-secure-sm-7.12.1.jar;D:\maven_repository\org\elasticsearch\elasticsearch-x-content\7.12.1\elasticsearch-x-content-7.12.1.jar;D:\maven_repository\com\fasterxml\jackson\dataformat\jackson-dataformat-smile\2.12.3\jackson-dataformat-smile-2.12.3.jar;D:\maven_repository\com\fasterxml\jackson\dataformat\jackson-dataformat-cbor\2.12.3\jackson-dataformat-cbor-2.12.3.jar;D:\maven_repository\org\elasticsearch\elasticsearch-geo\7.12.1\elasticsearch-geo-7.12.1.jar;D:\maven_repository\org\apache\lucene\lucene-core\8.8.0\lucene-core-8.8.0.jar;D:\maven_repository\org\apache\lucene\lucene-analyzers-common\8.8.0\lucene-analyzers-common-8.8.0.jar;D:\maven_repository\org\apache\lucene\lucene-backward-codecs\8.8.0\lucene-backward-codecs-8.8.0.jar;D:\maven_repository\org\apache\lucene\lucene-grouping\8.8.0\lucene-grouping-8.8.0.jar;D:\maven_repository\org\apache\lucene\lucene-highlighter\8.8.0\lucene-highlighter-8.8.0.jar;D:\maven_repository\org\apache\lucene\lucene-join\8.8.0\lucene-join-8.8.0.jar;D:\maven_repository\org\apache\lucene\lucene-memory\8.8.0\lucene-memory-8.8.0.jar;D:\maven_repository\org\apache\lucene\lucene-misc\8.8.0\lucene-misc-8.8.0.jar;D:\maven_repository\org\apache\lucene\lucene-queries\8.8.0\lucene-queries-8.8.0.jar;D:\maven_repository\org\apache\lucene\lucene-queryparser\8.8.0\lucene-queryparser-8.8.0.jar;D:\maven_repository\org\apache\lucene\lucene-sandbox\8.8.0\lucene-sandbox-8.8.0.jar;D:\maven_repository\org\apache\lucene\lucene-spatial-extras\8.8.0\lucene-spatial-extras-8.8.0.jar;D:\maven_repository\org\apache\lucene\lucene-spatial3d\8.8.0\lucene-spatial3d-8.8.0.jar;D:\maven_repository\org\apache\lucene\lucene-suggest\8.8.0\lucene-suggest-8.8.0.jar;D:\maven_repository\org\elasticsearch\elasticsearch-cli\7.12.1\elasticsearch-cli-7.12.1.jar;D:\maven_repository\net\sf\jopt-simple\jopt-simple\5.0.2\jopt-simple-5.0.2.jar;D:\maven_repository\com\carrotsearch\hppc\0.8.1\hppc-0.8.1.jar;D:\maven_repository\joda-time\joda-time\2.10.4\joda-time-2.10.4.jar;D:\maven_repository\com\tdunning\t-digest\3.2\t-digest-3.2.jar;D:\maven_repository\org\hdrhistogram\HdrHistogram\2.1.9\HdrHistogram-2.1.9.jar;D:\maven_repository\org\elasticsearch\jna\5.7.0-1\jna-5.7.0-1.jar;D:\maven_repository\org\elasticsearch\elasticsearch-plugin-classloader\7.12.1\elasticsearch-plugin-classloader-7.12.1.jar;D:\maven_repository\org\elasticsearch\client\elasticsearch-rest-client\7.12.1\elasticsearch-rest-client-7.12.1.jar;D:\maven_repository\org\elasticsearch\plugin\mapper-extras-client\7.12.1\mapper-extras-client-7.12.1.jar;D:\maven_repository\org\elasticsearch\plugin\parent-join-client\7.12.1\parent-join-client-7.12.1.jar;D:\maven_repository\org\elasticsearch\plugin\aggs-matrix-stats-client\7.12.1\aggs-matrix-stats-client-7.12.1.jar;D:\maven_repository\org\elasticsearch\plugin\rank-eval-client\7.12.1\rank-eval-client-7.12.1.jar;D:\maven_repository\org\elasticsearch\plugin\lang-mustache-client\7.12.1\lang-mustache-client-7.12.1.jar;D:\maven_repository\com\github\spullara\mustache\java\compiler\0.9.6\compiler-0.9.6.jar;D:\mall_parent\mall_service\target\mall_service-1.0-SNAPSHOT.jar;D:\mall_parent\mall_model\target\mall_model-1.0-SNAPSHOT.jar;D:\maven_repository\org\projectlombok\lombok\1.18.20\lombok-1.18.20.jar;D:\maven_repository\com\github\xiaoymin\knife4j-spring-boot-starter\2.0.7\knife4j-spring-boot-starter-2.0.7.jar;D:\maven_repository\com\github\xiaoymin\knife4j-spring-boot-autoconfigure\2.0.7\knife4j-spring-boot-autoconfigure-2.0.7.jar;D:\maven_repository\com\github\xiaoymin\knife4j-spring\2.0.7\knife4j-spring-2.0.7.jar;D:\maven_repository\com\github\xiaoymin\knife4j-annotations\2.0.7\knife4j-annotations-2.0.7.jar;D:\maven_repository\com\github\xiaoymin\knife4j-core\2.0.7\knife4j-core-2.0.7.jar;D:\maven_repository\io\swagger\swagger-models\1.5.22\swagger-models-1.5.22.jar;D:\maven_repository\io\swagger\swagger-annotations\1.5.22\swagger-annotations-1.5.22.jar;D:\maven_repository\io\springfox\springfox-swagger2\2.10.5\springfox-swagger2-2.10.5.jar;D:\maven_repository\io\springfox\springfox-spi\2.10.5\springfox-spi-2.10.5.jar;D:\maven_repository\io\springfox\springfox-core\2.10.5\springfox-core-2.10.5.jar;D:\maven_repository\net\bytebuddy\byte-buddy\1.10.22\byte-buddy-1.10.22.jar;D:\maven_repository\io\springfox\springfox-schema\2.10.5\springfox-schema-2.10.5.jar;D:\maven_repository\io\springfox\springfox-swagger-common\2.10.5\springfox-swagger-common-2.10.5.jar;D:\maven_repository\io\springfox\springfox-spring-web\2.10.5\springfox-spring-web-2.10.5.jar;D:\maven_repository\io\github\classgraph\classgraph\4.1.7\classgraph-4.1.7.jar;D:\maven_repository\com\fasterxml\classmate\1.5.1\classmate-1.5.1.jar;D:\maven_repository\org\springframework\plugin\spring-plugin-core\2.0.0.RELEASE\spring-plugin-core-2.0.0.RELEASE.jar;D:\maven_repository\org\springframework\plugin\spring-plugin-metadata\2.0.0.RELEASE\spring-plugin-metadata-2.0.0.RELEASE.jar;D:\maven_repository\org\mapstruct\mapstruct\1.3.1.Final\mapstruct-1.3.1.Final.jar;D:\maven_repository\io\springfox\springfox-bean-validators\2.10.5\springfox-bean-validators-2.10.5.jar;D:\maven_repository\io\springfox\springfox-spring-webmvc\2.10.5\springfox-spring-webmvc-2.10.5.jar;D:\maven_repository\com\github\xiaoymin\knife4j-spring-ui\2.0.7\knife4j-spring-ui-2.0.7.jar;D:\maven_repository\com\alibaba\fastjson\1.2.76\fastjson-1.2.76.jar;D:\mall_parent\mall_common\target\mall_common-1.0-SNAPSHOT.jar;D:\maven_repository\org\springframework\spring-tx\5.3.7\spring-tx-5.3.7.jar;D:\maven_repository\org\springframework\spring-beans\5.3.7\spring-beans-5.3.7.jar;D:\maven_repository\org\apache\commons\commons-lang3\3.12.0\commons-lang3-3.12.0.jar;D:\maven_repository\org\apache\commons\commons-collections4\4.4\commons-collections4-4.4.jar;D:\maven_repository\org\apache\tomcat\embed\tomcat-embed-core\9.0.46\tomcat-embed-core-9.0.46.jar;D:\maven_repository\org\apache\tomcat\tomcat-annotations-api\9.0.46\tomcat-annotations-api-9.0.46.jar;D:\maven_repository\org\springframework\spring-web\5.3.7\spring-web-5.3.7.jar;D:\maven_repository\io\jsonwebtoken\jjwt-api\0.10.7\jjwt-api-0.10.7.jar;D:\maven_repository\io\jsonwebtoken\jjwt-impl\0.10.7\jjwt-impl-0.10.7.jar;D:\maven_repository\io\jsonwebtoken\jjwt-jackson\0.10.7\jjwt-jackson-0.10.7.jar;D:\maven_repository\org\springframework\security\spring-security-core\5.5.0\spring-security-core-5.5.0.jar;D:\maven_repository\org\springframework\spring-aop\5.3.7\spring-aop-5.3.7.jar;D:\maven_repository\org\springframework\spring-expression\5.3.7\spring-expression-5.3.7.jar;D:\maven_repository\org\springframework\security\spring-security-crypto\5.5.0\spring-security-crypto-5.5.0.jar;D:\maven_repository\com\baomidou\mybatis-plus\3.4.3\mybatis-plus-3.4.3.jar;D:\maven_repository\com\baomidou\mybatis-plus-extension\3.4.3\mybatis-plus-extension-3.4.3.jar;D:\maven_repository\com\baomidou\mybatis-plus-core\3.4.3\mybatis-plus-core-3.4.3.jar;D:\maven_repository\com\baomidou\mybatis-plus-annotation\3.4.3\mybatis-plus-annotation-3.4.3.jar;D:\maven_repository\com\github\jsqlparser\jsqlparser\4.0\jsqlparser-4.0.jar;D:\maven_repository\org\mybatis\mybatis\3.5.7\mybatis-3.5.7.jar;D:\maven_repository\org\mybatis\mybatis-spring\2.0.6\mybatis-spring-2.0.6.jar;D:\maven_repository\org\springframework\boot\spring-boot-starter\2.5.0\spring-boot-starter-2.5.0.jar;D:\maven_repository\org\springframework\boot\spring-boot\2.5.0\spring-boot-2.5.0.jar;D:\maven_repository\org\springframework\spring-context\5.3.7\spring-context-5.3.7.jar;D:\maven_repository\org\springframework\boot\spring-boot-autoconfigure\2.5.0\spring-boot-autoconfigure-2.5.0.jar;D:\maven_repository\org\springframework\boot\spring-boot-starter-logging\2.5.0\spring-boot-starter-logging-2.5.0.jar;D:\maven_repository\ch\qos\logback\logback-classic\1.2.3\logback-classic-1.2.3.jar;D:\maven_repository\ch\qos\logback\logback-core\1.2.3\logback-core-1.2.3.jar;D:\maven_repository\org\apache\logging\log4j\log4j-to-slf4j\2.14.1\log4j-to-slf4j-2.14.1.jar;D:\maven_repository\org\apache\logging\log4j\log4j-api\2.14.1\log4j-api-2.14.1.jar;D:\maven_repository\org\slf4j\jul-to-slf4j\1.7.30\jul-to-slf4j-1.7.30.jar;D:\maven_repository\jakarta\annotation\jakarta.annotation-api\1.3.5\jakarta.annotation-api-1.3.5.jar;D:\maven_repository\org\springframework\spring-core\5.3.7\spring-core-5.3.7.jar;D:\maven_repository\org\springframework\spring-jcl\5.3.7\spring-jcl-5.3.7.jar;D:\maven_repository\org\yaml\snakeyaml\1.28\snakeyaml-1.28.jar;D:\maven_repository\org\apache\shardingsphere\shardingsphere-jdbc-core-spring-boot-starter\5.0.0-beta\shardingsphere-jdbc-core-spring-boot-starter-5.0.0-beta.jar;D:\maven_repository\org\apache\shardingsphere\shardingsphere-sharding-spring-boot-starter\5.0.0-beta\shardingsphere-sharding-spring-boot-starter-5.0.0-beta.jar;D:\maven_repository\org\apache\shardingsphere\shardingsphere-sharding-core\5.0.0-beta\shardingsphere-sharding-core-5.0.0-beta.jar;D:\maven_repository\org\apache\shardingsphere\shardingsphere-sharding-api\5.0.0-beta\shardingsphere-sharding-api-5.0.0-beta.jar;D:\maven_repository\org\apache\shardingsphere\shardingsphere-infra-common\5.0.0-beta\shardingsphere-infra-common-5.0.0-beta.jar;D:\maven_repository\org\apache\shardingsphere\shardingsphere-infra-binder\5.0.0-beta\shardingsphere-infra-binder-5.0.0-beta.jar;D:\maven_repository\org\apache\shardingsphere\shardingsphere-infra-parser\5.0.0-beta\shardingsphere-infra-parser-5.0.0-beta.jar;D:\maven_repository\org\apache\shardingsphere\shardingsphere-infra-route\5.0.0-beta\shardingsphere-infra-route-5.0.0-beta.jar;D:\maven_repository\org\apache\shardingsphere\shardingsphere-infra-rewrite\5.0.0-beta\shardingsphere-infra-rewrite-5.0.0-beta.jar;D:\maven_repository\org\apache\shardingsphere\shardingsphere-infra-merge\5.0.0-beta\shardingsphere-infra-merge-5.0.0-beta.jar;D:\maven_repository\org\apache\shardingsphere\shardingsphere-system-datetime\5.0.0-beta\shardingsphere-system-datetime-5.0.0-beta.jar;D:\maven_repository\org\apache\shardingsphere\shardingsphere-infra-datetime-spi\5.0.0-beta\shardingsphere-infra-datetime-spi-5.0.0-beta.jar;D:\maven_repository\org\codehaus\groovy\groovy\2.4.19\groovy-2.4.19-indy.jar;D:\maven_repository\org\apache\shardingsphere\shardingsphere-shadow-spring-boot-starter\5.0.0-beta\shardingsphere-shadow-spring-boot-starter-5.0.0-beta.jar;D:\maven_repository\org\apache\shardingsphere\shardingsphere-shadow-core\5.0.0-beta\shardingsphere-shadow-core-5.0.0-beta.jar;D:\maven_repository\org\apache\shardingsphere\shardingsphere-shadow-api\5.0.0-beta\shardingsphere-shadow-api-5.0.0-beta.jar;D:\maven_repository\org\apache\shardingsphere\shardingsphere-encrypt-spring-boot-starter\5.0.0-beta\shardingsphere-encrypt-spring-boot-starter-5.0.0-beta.jar;D:\maven_repository\org\apache\shardingsphere\shardingsphere-encrypt-core\5.0.0-beta\shardingsphere-encrypt-core-5.0.0-beta.jar;D:\maven_repository\org\apache\shardingsphere\shardingsphere-encrypt-api\5.0.0-beta\shardingsphere-encrypt-api-5.0.0-beta.jar;D:\maven_repository\org\apache\shardingsphere\shardingsphere-distsql-parser-statement\5.0.0-beta\shardingsphere-distsql-parser-statement-5.0.0-beta.jar;D:\maven_repository\org\apache\shardingsphere\shardingsphere-sql-parser-statement\5.0.0-beta\shardingsphere-sql-parser-statement-5.0.0-beta.jar;D:\maven_repository\org\apache\shardingsphere\shardingsphere-readwrite-splitting-spring-boot-starter\5.0.0-beta\shardingsphere-readwrite-splitting-spring-boot-starter-5.0.0-beta.jar;D:\maven_repository\org\apache\shardingsphere\shardingsphere-readwrite-splitting-core\5.0.0-beta\shardingsphere-readwrite-splitting-core-5.0.0-beta.jar;D:\maven_repository\org\apache\shardingsphere\shardingsphere-readwrite-splitting-api\5.0.0-beta\shardingsphere-readwrite-splitting-api-5.0.0-beta.jar;D:\maven_repository\org\apache\shardingsphere\shardingsphere-jdbc-spring-boot-starter-infra\5.0.0-beta\shardingsphere-jdbc-spring-boot-starter-infra-5.0.0-beta.jar;D:\maven_repository\org\apache\shardingsphere\shardingsphere-jdbc-transaction-spring\5.0.0-beta\shardingsphere-jdbc-transaction-spring-5.0.0-beta.jar;D:\maven_repository\org\apache\shardingsphere\shardingsphere-transaction-core\5.0.0-beta\shardingsphere-transaction-core-5.0.0-beta.jar;D:\maven_repository\org\apache\shardingsphere\shardingsphere-infra-executor\5.0.0-beta\shardingsphere-infra-executor-5.0.0-beta.jar;D:\maven_repository\org\apache\shardingsphere\shardingsphere-infra-optimize\5.0.0-beta\shardingsphere-infra-optimize-5.0.0-beta.jar;D:\maven_repository\org\apache\calcite\calcite-core\1.26.0\calcite-core-1.26.0.jar;D:\maven_repository\org\apache\calcite\calcite-linq4j\1.26.0\calcite-linq4j-1.26.0.jar;D:\maven_repository\org\apache\calcite\avatica\avatica-core\1.17.0\avatica-core-1.17.0.jar;D:\maven_repository\org\apache\calcite\avatica\avatica-metrics\1.17.0\avatica-metrics-1.17.0.jar;D:\maven_repository\com\google\protobuf\protobuf-java\3.6.1\protobuf-java-3.6.1.jar;D:\maven_repository\com\esri\geometry\esri-geometry-api\2.2.0\esri-geometry-api-2.2.0.jar;D:\maven_repository\com\fasterxml\jackson\dataformat\jackson-dataformat-yaml\2.12.3\jackson-dataformat-yaml-2.12.3.jar;D:\maven_repository\com\google\uzaygezen\uzaygezen-core\0.2\uzaygezen-core-0.2.jar;D:\maven_repository\log4j\log4j\1.2.17\log4j-1.2.17.jar;D:\maven_repository\com\jayway\jsonpath\json-path\2.5.0\json-path-2.5.0.jar;D:\maven_repository\net\minidev\json-smart\2.4.7\json-smart-2.4.7.jar;D:\maven_repository\net\minidev\accessors-smart\2.4.7\accessors-smart-2.4.7.jar;D:\maven_repository\org\ow2\asm\asm\9.1\asm-9.1.jar;D:\maven_repository\com\yahoo\datasketches\sketches-core\0.9.0\sketches-core-0.9.0.jar;D:\maven_repository\com\yahoo\datasketches\memory\0.9.0\memory-0.9.0.jar;D:\maven_repository\net\hydromatic\aggdesigner-algorithm\6.0\aggdesigner-algorithm-6.0.jar;D:\maven_repository\commons-lang\commons-lang\2.4\commons-lang-2.4.jar;D:\maven_repository\commons-logging\commons-logging\1.1.3\commons-logging-1.1.3.jar;D:\maven_repository\org\apache\commons\commons-dbcp2\2.8.0\commons-dbcp2-2.8.0.jar;D:\maven_repository\org\apache\commons\commons-pool2\2.9.0\commons-pool2-2.9.0.jar;D:\maven_repository\org\codehaus\janino\commons-compiler\3.1.4\commons-compiler-3.1.4.jar;D:\maven_repository\org\codehaus\janino\janino\3.1.4\janino-3.1.4.jar;D:\maven_repository\org\apache\shardingsphere\shardingsphere-jdbc-core\5.0.0-beta\shardingsphere-jdbc-core-5.0.0-beta.jar;D:\maven_repository\org\apache\shardingsphere\shardingsphere-sql-parser-sql92\5.0.0-beta\shardingsphere-sql-parser-sql92-5.0.0-beta.jar;D:\maven_repository\org\apache\shardingsphere\shardingsphere-sql-parser-engine\5.0.0-beta\shardingsphere-sql-parser-engine-5.0.0-beta.jar;D:\maven_repository\org\apache\shardingsphere\shardingsphere-sql-parser-spi\5.0.0-beta\shardingsphere-sql-parser-spi-5.0.0-beta.jar;D:\maven_repository\org\antlr\antlr4-runtime\4.7.2\antlr4-runtime-4.7.2.jar;D:\maven_repository\org\apache\shardingsphere\shardingsphere-sql-parser-mysql\5.0.0-beta\shardingsphere-sql-parser-mysql-5.0.0-beta.jar;D:\maven_repository\org\apache\shardingsphere\shardingsphere-sql-parser-postgresql\5.0.0-beta\shardingsphere-sql-parser-postgresql-5.0.0-beta.jar;D:\maven_repository\org\apache\shardingsphere\shardingsphere-sql-parser-oracle\5.0.0-beta\shardingsphere-sql-parser-oracle-5.0.0-beta.jar;D:\maven_repository\org\apache\shardingsphere\shardingsphere-sql-parser-sqlserver\5.0.0-beta\shardingsphere-sql-parser-sqlserver-5.0.0-beta.jar;D:\maven_repository\org\apache\shardingsphere\shardingsphere-infra-context\5.0.0-beta\shardingsphere-infra-context-5.0.0-beta.jar;D:\maven_repository\org\apache\shardingsphere\shardingsphere-distsql-parser-engine\5.0.0-beta\shardingsphere-distsql-parser-engine-5.0.0-beta.jar;D:\maven_repository\org\apache\shardingsphere\shardingsphere-infra-authority-api\5.0.0-beta\shardingsphere-infra-authority-api-5.0.0-beta.jar;D:\maven_repository\org\apache\shardingsphere\shardingsphere-db-discovery-core\5.0.0-beta\shardingsphere-db-discovery-core-5.0.0-beta.jar;D:\maven_repository\org\apache\shardingsphere\shardingsphere-db-discovery-api\5.0.0-beta\shardingsphere-db-discovery-api-5.0.0-beta.jar;D:\maven_repository\org\apache\shardingsphere\shardingsphere-db-discovery-mgr\5.0.0-beta\shardingsphere-db-discovery-mgr-5.0.0-beta.jar;D:\maven_repository\org\apache\shardingsphere\elasticjob\elasticjob-lite-core\3.0.0-beta\elasticjob-lite-core-3.0.0-beta.jar;D:\maven_repository\org\apache\shardingsphere\elasticjob\elasticjob-api\3.0.0-beta\elasticjob-api-3.0.0-beta.jar;D:\maven_repository\org\apache\shardingsphere\elasticjob\elasticjob-infra-common\3.0.0-beta\elasticjob-infra-common-3.0.0-beta.jar;D:\maven_repository\org\apache\shardingsphere\elasticjob\elasticjob-registry-center\3.0.0-beta\elasticjob-registry-center-3.0.0-beta.jar;D:\maven_repository\org\apache\curator\curator-framework\5.1.0\curator-framework-5.1.0.jar;D:\maven_repository\org\apache\curator\curator-client\5.1.0\curator-client-5.1.0.jar;D:\maven_repository\org\apache\zookeeper\zookeeper\3.6.0\zookeeper-3.6.0.jar;D:\maven_repository\org\apache\zookeeper\zookeeper-jute\3.6.0\zookeeper-jute-3.6.0.jar;D:\maven_repository\org\apache\yetus\audience-annotations\0.5.0\audience-annotations-0.5.0.jar;D:\maven_repository\io\netty\netty-transport-native-epoll\4.1.65.Final\netty-transport-native-epoll-4.1.65.Final.jar;D:\maven_repository\io\netty\netty-transport-native-unix-common\4.1.65.Final\netty-transport-native-unix-common-4.1.65.Final.jar;D:\maven_repository\org\apache\curator\curator-recipes\5.1.0\curator-recipes-5.1.0.jar;D:\maven_repository\org\apache\shardingsphere\elasticjob\elasticjob-simple-executor\3.0.0-beta\elasticjob-simple-executor-3.0.0-beta.jar;D:\maven_repository\org\apache\shardingsphere\elasticjob\elasticjob-executor-kernel\3.0.0-beta\elasticjob-executor-kernel-3.0.0-beta.jar;D:\maven_repository\org\apache\shardingsphere\elasticjob\elasticjob-error-handler-general\3.0.0-beta\elasticjob-error-handler-general-3.0.0-beta.jar;D:\maven_repository\org\apache\shardingsphere\elasticjob\elasticjob-error-handler-spi\3.0.0-beta\elasticjob-error-handler-spi-3.0.0-beta.jar;D:\maven_repository\org\apache\shardingsphere\elasticjob\elasticjob-dataflow-executor\3.0.0-beta\elasticjob-dataflow-executor-3.0.0-beta.jar;D:\maven_repository\org\apache\shardingsphere\elasticjob\elasticjob-script-executor\3.0.0-beta\elasticjob-script-executor-3.0.0-beta.jar;D:\maven_repository\org\apache\commons\commons-exec\1.3\commons-exec-1.3.jar;D:\maven_repository\org\apache\shardingsphere\elasticjob\elasticjob-http-executor\3.0.0-beta\elasticjob-http-executor-3.0.0-beta.jar;D:\maven_repository\org\apache\shardingsphere\elasticjob\elasticjob-tracing-rdb\3.0.0-beta\elasticjob-tracing-rdb-3.0.0-beta.jar;D:\maven_repository\org\apache\shardingsphere\elasticjob\elasticjob-tracing-api\3.0.0-beta\elasticjob-tracing-api-3.0.0-beta.jar;D:\maven_repository\commons-dbcp\commons-dbcp\1.4\commons-dbcp-1.4.jar;D:\maven_repository\commons-pool\commons-pool\1.6\commons-pool-1.6.jar;D:\maven_repository\org\quartz-scheduler\quartz\2.3.2\quartz-2.3.2.jar;D:\maven_repository\com\mchange\mchange-commons-java\0.2.15\mchange-commons-java-0.2.15.jar;D:\maven_repository\com\google\guava\guava\29.0-jre\guava-29.0-jre.jar;D:\maven_repository\com\google\guava\failureaccess\1.0.1\failureaccess-1.0.1.jar;D:\maven_repository\com\google\guava\listenablefuture\9999.0-empty-to-avoid-conflict-with-guava\listenablefuture-9999.0-empty-to-avoid-conflict-with-guava.jar;D:\maven_repository\com\google\code\findbugs\jsr305\3.0.2\jsr305-3.0.2.jar;D:\maven_repository\org\checkerframework\checker-qual\2.11.1\checker-qual-2.11.1.jar;D:\maven_repository\com\google\errorprone\error_prone_annotations\2.3.4\error_prone_annotations-2.3.4.jar;D:\maven_repository\org\slf4j\slf4j-api\1.7.30\slf4j-api-1.7.30.jar;D:\maven_repository\org\slf4j\jcl-over-slf4j\1.7.30\jcl-over-slf4j-1.7.30.jar;D:\maven_repository\org\springframework\boot\spring-boot-test\2.5.0\spring-boot-test-2.5.0.jar;D:\maven_repository\org\junit\jupiter\junit-jupiter-api\5.7.2\junit-jupiter-api-5.7.2.jar;D:\maven_repository\org\apiguardian\apiguardian-api\1.1.0\apiguardian-api-1.1.0.jar;D:\maven_repository\org\opentest4j\opentest4j\1.2.0\opentest4j-1.2.0.jar;D:\maven_repository\org\junit\platform\junit-platform-commons\1.7.2\junit-platform-commons-1.7.2.jar;"/>
    <property name="sun.cpu.endian" value="little"/>
    <property name="user.home" value="C:\Users\wfz24"/>
    <property name="user.language" value="zh"/>
    <property name="java.specification.vendor" value="Oracle Corporation"/>
    <property name="java.home" value="D:\Java\jdk1.8.0_251\jre"/>
    <property name="basedir" value="D:\mall_parent\mall_serviceProvider"/>
    <property name="file.separator" value="\"/>
    <property name="line.separator" value="&#10;"/>
    <property name="java.vm.specification.vendor" value="Oracle Corporation"/>
    <property name="java.specification.name" value="Java Platform API Specification"/>
    <property name="java.awt.graphicsenv" value="sun.awt.Win32GraphicsEnvironment"/>
    <property name="surefire.real.class.path" value="C:\Users\wfz24\AppData\Local\Temp\surefire2688719205544121601\surefirebooter1067297735861624098.jar"/>
    <property name="sun.boot.class.path" value="D:\Java\jdk1.8.0_251\jre\lib\resources.jar;D:\Java\jdk1.8.0_251\jre\lib\rt.jar;D:\Java\jdk1.8.0_251\jre\lib\sunrsasign.jar;D:\Java\jdk1.8.0_251\jre\lib\jsse.jar;D:\Java\jdk1.8.0_251\jre\lib\jce.jar;D:\Java\jdk1.8.0_251\jre\lib\charsets.jar;D:\Java\jdk1.8.0_251\jre\lib\jfr.jar;D:\Java\jdk1.8.0_251\jre\classes"/>
    <property name="user.script" value=""/>
    <property name="sun.management.compiler" value="HotSpot 64-Bit Tiered Compilers"/>
    <property name="java.runtime.version" value="1.8.0_251-b08"/>
    <property name="user.name" value="wfz24"/>
    <property name="path.separator" value=";"/>
    <property name="os.version" value="10.0"/>
    <property name="java.endorsed.dirs" value="D:\Java\jdk1.8.0_251\jre\lib\endorsed"/>
    <property name="java.runtime.name" value="Java(TM) SE Runtime Environment"/>
    <property name="file.encoding" value="GBK"/>
    <property name="java.vm.name" value="Java HotSpot(TM) 64-Bit Server VM"/>
    <property name="localRepository" value="D:\maven_repository"/>
    <property name="java.vendor.url.bug" value="http://bugreport.sun.com/bugreport/"/>
    <property name="java.io.tmpdir" value="C:\Users\wfz24\AppData\Local\Temp\"/>
    <property name="idea.version" value="2021.1.3"/>
    <property name="java.version" value="1.8.0_251"/>
    <property name="user.dir" value="D:\mall_parent\mall_serviceProvider"/>
    <property name="os.arch" value="amd64"/>
    <property name="java.vm.specification.name" value="Java Virtual Machine Specification"/>
    <property name="java.awt.printerjob" value="sun.awt.windows.WPrinterJob"/>
    <property name="sun.os.patch.level" value=""/>
    <property name="java.library.path" value="D:\Java\jdk1.8.0_251\jre\bin;C:\Windows\Sun\Java\bin;C:\Windows\system32;C:\Windows;C:\Program Files\VanDyke Software\Clients\;D:\Java\jdk1.8.0_251\bin;C:\WINDOWS\system32;C:\WINDOWS;C:\WINDOWS\System32\Wbem;C:\WINDOWS\System32\WindowsPowerShell\v1.0\;C:\WINDOWS\System32\OpenSSH\;C:\Windows\system32;C:\Windows;C:\Windows\System32\Wbem;C:\Windows\System32\WindowsPowerShell\v1.0\;C:\Windows\System32\OpenSSH\;C:\Program Files (x86)\Common Files\Siemens\;C:\Program Files (x86)\Common Files\Siemens\Interfaces;C:\Program Files (x86)\Common Files\Siemens\ACE\Interfaces;C:\MinGW\bin;D:\CMAKE\bin;C:\Program Files\Git\cmd;D:\apache-maven-3.8.2\bin;D:\nodejs\;C:\ProgramData\chocolatey\bin;;C:\Program Files\Docker\Docker\resources\bin;C:\ProgramData\DockerDesktop\version-bin;C:\Program Files\MySQL\MySQL Shell 8.0\bin\;C:\Users\wfz24\AppData\Local\Microsoft\WindowsApps;C:\MinGW\bin;C:\Program Files\Azure Data Studio\bin;C:\Users\wfz24\AppData\Local\GitHubDesktop\bin;D:\IntelliJ IDEA Community Edition 2021.2\bin;;C:\Users\wfz24\AppData\Roaming\npm;."/>
    <property name="java.vm.info" value="mixed mode"/>
    <property name="java.vendor" value="Oracle Corporation"/>
    <property name="java.vm.version" value="25.251-b08"/>
    <property name="java.ext.dirs" value="D:\Java\jdk1.8.0_251\jre\lib\ext;C:\Windows\Sun\Java\lib\ext"/>
    <property name="sun.io.unicode.encoding" value="UnicodeLittle"/>
    <property name="maven.repo.local" value="D:\maven_repository"/>
    <property name="java.class.version" value="52.0"/>
  </properties>
  <testcase name="com.wfz.shop.dubbo.service.TestES.testImportGoods" classname="com.wfz.shop.dubbo.service.TestES" time="0.002">
    <failure type="java.lang.NullPointerException">java.lang.NullPointerException
	at com.wfz.shop.dubbo.service.TestES.testImportGoods(TestES.java:16)
</failure>
  </testcase>
</testsuite>